Base path: C:/Program Files (x86)/Unity/Editor/Data
Pipe name: \\.\pipe\UnityShaderCompiler-5-5788
Cmd: getPlatforms
Cmd: compileSnippet
  api=8 type=0 insize=4429 outsize=2243 kw=DIRECTIONAL SHADOWS_OFF LIGHTMAP_ON DIRLIGHTMAP_OFF ok=1
Cmd: compileSnippet
  api=1 type=0 insize=4429 outsize=745 kw=DIRECTIONAL SHADOWS_SCREEN LIGHTMAP_OFF DIRLIGHTMAP_OFF ok=1
Cmd: compileSnippet
  api=4 type=0 insize=4429 outsize=2030 kw=DIRECTIONAL SHADOWS_SCREEN LIGHTMAP_ON DIRLIGHTMAP_OFF ok=1
Cmd: compileSnippet
  api=1 type=0 insize=4429 outsize=345 kw=DIRECTIONAL SHADOWS_SCREEN LIGHTMAP_ON DIRLIGHTMAP_ON ok=1
Cmd: compileSnippet
  api=1 type=0 insize=4429 outsize=1172 kw=DIRECTIONAL SHADOWS_OFF LIGHTMAP_OFF DIRLIGHTMAP_OFF VERTEXLIGHT_ON ok=1
Cmd: compileSnippet
  api=0 type=1 insize=4429 outsize=408 kw=DIRECTIONAL SHADOWS_OFF LIGHTMAP_OFF DIRLIGHTMAP_OFF ok=1
Cmd: compileSnippet
  api=1 type=1 insize=4429 outsize=357 kw=DIRECTIONAL SHADOWS_SCREEN LIGHTMAP_OFF DIRLIGHTMAP_OFF ok=1
Cmd: compileSnippet
  api=4 type=1 insize=4429 outsize=1713 kw=DIRECTIONAL SHADOWS_SCREEN LIGHTMAP_ON DIRLIGHTMAP_OFF ok=1
Cmd: compileSnippet
  api=8 type=0 insize=2380 outsize=4298 kw=POINT ok=1
Cmd: compileSnippet
  api=8 type=0 insize=2380 outsize=4298 kw=POINT_COOKIE ok=1
Cmd: compileSnippet
  api=0 type=1 insize=2380 outsize=780 kw=SPOT ok=1
Cmd: compileSnippet
  api=1 type=1 insize=2380 outsize=477 kw=POINT_COOKIE ok=1
Cmd: compileSnippet
  api=8 type=1 insize=2380 outsize=2227 kw=DIRECTIONAL_COOKIE ok=1
Cmd: compileSnippet
  api=4 type=0 insize=1835 outsize=1477 kw= ok=1
Cmd: compileSnippet
  api=4 type=0 insize=4121 outsize=3029 kw=LIGHTMAP_ON DIRLIGHTMAP_OFF HDR_LIGHT_PREPASS_OFF ok=1
Cmd: compileSnippet
  api=0 type=0 insize=4121 outsize=887 kw=LIGHTMAP_ON DIRLIGHTMAP_OFF HDR_LIGHT_PREPASS_ON ok=1
Cmd: compileSnippet
  api=4 type=0 insize=4121 outsize=2030 kw=LIGHTMAP_ON DIRLIGHTMAP_ON HDR_LIGHT_PREPASS_ON ok=1
Cmd: compileSnippet
  api=0 type=1 insize=4121 outsize=726 kw=LIGHTMAP_ON DIRLIGHTMAP_OFF HDR_LIGHT_PREPASS_OFF ok=1
Cmd: compileSnippet
  api=0 type=1 insize=4121 outsize=320 kw=LIGHTMAP_OFF DIRLIGHTMAP_OFF HDR_LIGHT_PREPASS_ON ok=1
Cmd: compileSnippet
  api=8 type=1 insize=4121 outsize=3202 kw=LIGHTMAP_ON DIRLIGHTMAP_OFF HDR_LIGHT_PREPASS_ON ok=1
Unhandled exception: Readfile from pipe failed. GLE=The pipe has been ended.


Quitting shader compiler process
